<?xml version="1.0" encoding="UTF-8"?>
<!-- Generated by org.testng.reporters.JUnitXMLReporter -->
<testsuite hostname="wgin-ntb-007" ignored="0" name="Test" tests="3" failures="0" timestamp="2021-08-15T17:10:04 IST" time="33.334" errors="0">
  <testcase name="homePageNavigation" time="6.732" classname="qaclickacademy.e2e.LoginTest"/>
  <testcase name="homePageNavigation" time="2.3" classname="qaclickacademy.e2e.LoginTest"/>
  <testcase name="validateHeading" time="4.257" classname="qaclickacademy.e2e.ValidateTitleTest"/>
</testsuite> <!-- Test -->
