<?xml version="1.0" encoding="UTF-8"?>
<!-- Generated by org.testng.reporters.JUnitXMLReporter -->
<testsuite hostname="wgin-ntb-007" ignored="0" name="Validate Title Test" tests="1" failures="1" timestamp="2021-08-16T00:18:43 IST" time="6.886" errors="0">
  <testcase name="validateHeading" time="3.486" classname="qaclickacademy.e2e.ValidateTitleTest">
    <failure type="java.lang.AssertionError" message="expected [FEATURED COURSS] but found [FEATURED COURSES]">
      <![CDATA[java.lang.AssertionError: expected [FEATURED COURSS] but found [FEATURED COURSES]
at qaclickacademy.e2e.ValidateTitleTest.validateHeading(ValidateTitleTest.java:34)
at java.util.ArrayList.forEach(ArrayList.java:1259)
... Removed 33 stack frames]]>
    </failure>
  </testcase> <!-- validateHeading -->
</testsuite> <!-- Validate Title Test -->
