<?xml version="1.0" encoding="UTF-8"?>
<testsuite xmlns:xsi="http://www.w3.org/2001/XMLSchema-instance" xsi:noNamespaceSchemaLocation="https://maven.apache.org/surefire/maven-surefire-plugin/xsd/surefire-test-report-3.0.xsd" version="3.0" name="TestSuite" time="39.57" tests="3" errors="0" skipped="0" failures="1">
  <properties>
[...]
</properties>
  <testcase name="homePageNavigation[login@mail.com, Welcome@321](1)" classname="qaclickacademy.e2e.LoginTest" time="7.181">
    <system-err><![CDATA[1629098497080	geckodriver	INFO	Listening on 127.0.0.1:31964
1629098497860	mozrunner::runner	INFO	Running command: "C:\\Program Files\\Mozilla Firefox\\firefox.exe" "--marionette" "-foreground" "-no-remote" "-profile" "C:\\Users\\subhashb\\AppData\\Local\\Temp\\rust_mozprofilePFERjy"
1629098499056	Marionette	INFO	Marionette enabled
console.warn: SearchSettings: "get: No settings file exists, new profile?" (new NotFoundError("Could not open the file at C:\\Users\\subhashb\\AppData\\Local\\Temp\\rust_mozprofilePFERjy\\search.json.mozlz4", (void 0)))
1629098503845	Marionette	INFO	Listening on port 49875
1629098504246	RemoteAgent	WARN	TLS certificate errors will be ignored for this session
Aug 16, 2021 12:51:44 PM org.openqa.selenium.remote.ProtocolHandshake createSession
INFO: Detected dialect: W3C
]]></system-err>
  </testcase>
  <testcase name="homePageNavigation[singin@mail.com, Welcome@456](2)" classname="qaclickacademy.e2e.LoginTest" time="2.569"/>
  <testcase name="validateHeading" classname="qaclickacademy.e2e.ValidateTitleTest" time="6.607">
    <failure message="expected [FEATURED COURSS] but found [FEATURED COURSES]" type="java.lang.AssertionError"><![CDATA[java.lang.AssertionError: expected [FEATURED COURSS] but found [FEATURED COURSES]
	at qaclickacademy.e2e.ValidateTitleTest.validateHeading(ValidateTitleTest.java:34)
]]></failure>
    <system-err><![CDATA[1629098514236	Marionette	INFO	Stopped listening on port 49875
JavaScript error: resource:///modules/Interactions.jsm, line 209: NS_ERROR_FAILURE: Component returned failure code: 0x80004005 (NS_ERROR_FAILURE) [nsIUserIdleService.removeIdleObserver]

###!!! [Parent][RunMessage] Error: Channel closing: too late to send/recv, messages will be lost

1629098516415	geckodriver	INFO	Listening on 127.0.0.1:16747
1629098516879	mozrunner::runner	INFO	Running command: "C:\\Program Files\\Mozilla Firefox\\firefox.exe" "--marionette" "-foreground" "-no-remote" "-profile" "C:\\Users\\subhashb\\AppData\\Local\\Temp\\rust_mozprofilemFbPFi"
1629098517720	Marionette	INFO	Marionette enabled
console.warn: SearchSettings: "get: No settings file exists, new profile?" (new NotFoundError("Could not open the file at C:\\Users\\subhashb\\AppData\\Local\\Temp\\rust_mozprofilemFbPFi\\search.json.mozlz4", (void 0)))
1629098521995	Marionette	INFO	Listening on port 54565
1629098522210	RemoteAgent	WARN	TLS certificate errors will be ignored for this session
Aug 16, 2021 12:52:02 PM org.openqa.selenium.remote.ProtocolHandshake createSession
INFO: Detected dialect: W3C
]]></system-err>
  </testcase>
</testsuite>