-------------------------------------------------------------------------------
Test set: TestSuite
-------------------------------------------------------------------------------
Tests run: 3, Failures: 1, Errors: 0, Skipped: 0, Time elapsed: 39.57 s <<< FAILURE! - in TestSuite
qaclickacademy.e2e.ValidateTitleTest.validateHeading  Time elapsed: 6.607 s  <<< FAILURE!
java.lang.AssertionError: expected [FEATURED COURSS] but found [FEATURED COURSES]
	at qaclickacademy.e2e.ValidateTitleTest.validateHeading(ValidateTitleTest.java:34)

